0 info it worked if it ends with ok
1 verbose cli [ '/usr/bin/nodejs', '/usr/local/bin/npm', 'start' ]
2 info using npm@3.3.12
3 info using node@v4.3.1
4 verbose run-script [ 'prestart', 'start', 'poststart' ]
5 info lifecycle archwell-what@0.0.0~prestart: archwell-what@0.0.0
6 silly lifecycle archwell-what@0.0.0~prestart: no script for prestart, continuing
7 info lifecycle archwell-what@0.0.0~start: archwell-what@0.0.0
8 verbose lifecycle archwell-what@0.0.0~start: unsafe-perm in lifecycle true
9 verbose lifecycle archwell-what@0.0.0~start: PATH: /usr/local/lib/node_modules/npm/bin/node-gyp-bin:/home/markovic/Documents/work/archwell/archwell-what/node_modules/.bin:/home/markovic/.rbenv/plugins/ruby-build/bin:/home/markovic/.rbenv/shims:/home/markovic/.rbenv/bin:/usr/local/sbin:/usr/local/bin:/usr/sbin:/usr/bin:/sbin:/bin:/usr/games:/usr/local/games:/opt/bin:/opt/bin:/opt/bin
10 verbose lifecycle archwell-what@0.0.0~start: CWD: /home/markovic/Documents/work/archwell/archwell-what
11 silly lifecycle archwell-what@0.0.0~start: Args: [ '-c', 'node ./bin/www' ]
12 silly lifecycle archwell-what@0.0.0~start: Returned: code: 1  signal: null
13 info lifecycle archwell-what@0.0.0~start: Failed to exec start script
14 verbose stack Error: archwell-what@0.0.0 start: `node ./bin/www`
14 verbose stack Exit status 1
14 verbose stack     at EventEmitter.<anonymous> (/usr/local/lib/node_modules/npm/lib/utils/lifecycle.js:232:16)
14 verbose stack     at emitTwo (events.js:87:13)
14 verbose stack     at EventEmitter.emit (events.js:172:7)
14 verbose stack     at ChildProcess.<anonymous> (/usr/local/lib/node_modules/npm/lib/utils/spawn.js:24:14)
14 verbose stack     at emitTwo (events.js:87:13)
14 verbose stack     at ChildProcess.emit (events.js:172:7)
14 verbose stack     at maybeClose (internal/child_process.js:821:16)
14 verbose stack     at Process.ChildProcess._handle.onexit (internal/child_process.js:211:5)
15 verbose pkgid archwell-what@0.0.0
16 verbose cwd /home/markovic/Documents/work/archwell/archwell-what
17 error Linux 4.2.0-30-generic
18 error argv "/usr/bin/nodejs" "/usr/local/bin/npm" "start"
19 error node v4.3.1
20 error npm  v3.3.12
21 error code ELIFECYCLE
22 error archwell-what@0.0.0 start: `node ./bin/www`
22 error Exit status 1
23 error Failed at the archwell-what@0.0.0 start script 'node ./bin/www'.
23 error Make sure you have the latest version of node.js and npm installed.
23 error If you do, this is most likely a problem with the archwell-what package,
23 error not with npm itself.
23 error Tell the author that this fails on your system:
23 error     node ./bin/www
23 error You can get their info via:
23 error     npm owner ls archwell-what
23 error There is likely additional logging output above.
24 verbose exit [ 1, true ]
